This file contains any messages produced by compilers while
running configure, to aid debugging if configure makes a mistake.

It was created by [SAMPLE] configure [x.xx], which was
generated by GNU Autoconf 2.69.  Invocation command line was

  $ ./configure 

## --------- ##
## Platform. ##
## --------- ##

hostname = cycle1.csug.rochester.edu
uname -m = x86_64
uname -r = 4.17.12-200.fc28.x86_64
uname -s = Linux
uname -v = #1 SMP Fri Aug 3 15:01:13 UTC 2018

/usr/bin/uname -p = x86_64
/bin/uname -X     = unknown

/bin/arch              = x86_64
/usr/bin/arch -k       = unknown
/usr/convex/getsysinfo = unknown
/usr/bin/hostinfo      = unknown
/bin/machine           = unknown
/usr/bin/oslevel       = unknown
/bin/universe          = unknown

PATH: /usr/libexec/python2-sphinx
PATH: /usr/lib64/qt-3.3/bin
PATH: /usr/share/Modules/bin
PATH: /usr/local/bin
PATH: /usr/bin
PATH: /usr/local/sbin
PATH: /usr/sbin
PATH: /usr/staff/bin
PATH: /u/marchiba/bin


## ----------- ##
## Core tests. ##
## ----------- ##


## ---------------- ##
## Cache variables. ##
## ---------------- ##

ac_cv_env_CCC_set=
ac_cv_env_CCC_value=
ac_cv_env_CC_set=
ac_cv_env_CC_value=
ac_cv_env_CFLAGS_set=
ac_cv_env_CFLAGS_value=
ac_cv_env_CPPFLAGS_set=
ac_cv_env_CPPFLAGS_value=
ac_cv_env_CPP_set=
ac_cv_env_CPP_value=
ac_cv_env_CXXFLAGS_set=
ac_cv_env_CXXFLAGS_value=
ac_cv_env_CXX_set=
ac_cv_env_CXX_value=
ac_cv_env_LDFLAGS_set=
ac_cv_env_LDFLAGS_value=
ac_cv_env_LIBS_set=
ac_cv_env_LIBS_value=
ac_cv_env_build_alias_set=
ac_cv_env_build_alias_value=
ac_cv_env_host_alias_set=
ac_cv_env_host_alias_value=
ac_cv_env_target_alias_set=
ac_cv_env_target_alias_value=

## ----------------- ##
## Output variables. ##
## ----------------- ##

ALL_BINDINGS=''
AR=''
ARCH=''
ARGZ_H=''
AWK=''
BINDINGS_TO_BUILD=''
BINPWD=''
BINUTILS_INCDIR=''
BUILD_CXX=''
BZIP2=''
CAT=''
CC=''
CFLAGS=''
CIRCO=''
CMP=''
CONVENIENCE_LTDL_FALSE=''
CONVENIENCE_LTDL_TRUE=''
CP=''
CPP=''
CPPFLAGS=''
CVSBUILD=''
CXX=''
CXXFLAGS=''
DATE=''
DEBUG_RUNTIME=''
DEBUG_SYMBOLS=''
DEFS=''
DISABLE_ASSERTIONS=''
DOT=''
DOTTY=''
DOXYGEN=''
DUMPBIN=''
ECHO_C=''
ECHO_N='-n'
ECHO_T=''
EGREP=''
ENABLE_CXX11=''
ENABLE_DOCS=''
ENABLE_DOXYGEN=''
ENABLE_EMBED_STDCXX=''
ENABLE_EXPENSIVE_CHECKS=''
ENABLE_LIBCPP=''
ENABLE_OPTIMIZED=''
ENABLE_PIC=''
ENABLE_POLLY=''
ENABLE_PROFILING=''
ENABLE_PTHREADS=''
ENABLE_SHARED=''
ENABLE_THREADS=''
ENABLE_TIMESTAMPS=''
ENABLE_WERROR=''
ENDIAN=''
EXEEXT=''
EXPENSIVE_CHECKS=''
EXTRA_LD_OPTIONS=''
EXTRA_OPTIONS=''
FDP=''
FGREP=''
FIND=''
GAS=''
GRAPHVIZ=''
GREP=''
GROFF=''
GV=''
GZIPBIN=''
HAVE_LIBZ=''
HAVE_PTHREAD=''
HOST_OS=''
INCLTDL=''
INSTALL_DATA=''
INSTALL_LTDL_FALSE=''
INSTALL_LTDL_TRUE=''
INSTALL_PROGRAM=''
INSTALL_SCRIPT=''
JIT=''
LD=''
LDFLAGS=''
LIBADD_DL=''
LIBADD_DLD_LINK=''
LIBADD_DLOPEN=''
LIBADD_SHL_LOAD=''
LIBLTDL=''
LIBOBJS=''
LIBS=''
LINKALL=''
LLVM_BINDIR=''
LLVM_CONFIGTIME=''
LLVM_CROSS_COMPILING=''
LLVM_DATADIR=''
LLVM_DOCSDIR=''
LLVM_ENABLE_ZLIB=''
LLVM_ENUM_ASM_PARSERS=''
LLVM_ENUM_ASM_PRINTERS=''
LLVM_ENUM_DISASSEMBLERS=''
LLVM_ENUM_TARGETS=''
LLVM_ETCDIR=''
LLVM_HAS_POLLY=''
LLVM_INCLUDEDIR=''
LLVM_INFODIR=''
LLVM_MANDIR=''
LLVM_ON_UNIX=''
LLVM_ON_WIN32=''
LLVM_PREFIX=''
LLVM_VERSION=''
LN_S=''
LTDLDEPS=''
LTDLINCL=''
LTDLOPEN=''
LTLIBOBJS=''
LT_CONFIG_H=''
LT_DLLOADERS=''
LT_DLPREOPEN=''
MKDIR=''
MV=''
NEATO=''
NM=''
NOLINKALL=''
OBJDUMP=''
OBJEXT=''
OCAMLC=''
OCAMLDEP=''
OCAMLDOC=''
OCAMLOPT=''
OCAML_LIBDIR=''
OPTIMIZE_OPTION=''
OS=''
PACKAGE_BUGREPORT='bugs@yourdomain'
PACKAGE_NAME='[SAMPLE]'
PACKAGE_STRING='[SAMPLE] [x.xx]'
PACKAGE_TARNAME='--sample--'
PACKAGE_URL=''
PACKAGE_VERSION='[x.xx]'
PATH_SEPARATOR=':'
PDFROFF=''
POD2HTML=''
POD2MAN=''
RANLIB=''
RDYNAMIC=''
RM=''
RPATH=''
RUNTEST=''
SED=''
SHELL='/bin/sh'
SHLIBEXT=''
SHLIBPATH_VAR=''
TAR=''
TARGETS_TO_BUILD=''
TARGET_HAS_JIT=''
TARGET_OS=''
TWOPI=''
USE_OPROFILE=''
USE_UDIS86=''
XDOT_PY=''
ZIP=''
ac_ct_CC=''
ac_ct_CXX=''
ac_ct_DUMPBIN=''
bindir='${exec_prefix}/bin'
build=''
build_alias=''
build_cpu=''
build_os=''
build_vendor=''
datadir='${datarootdir}'
datarootdir='${prefix}/share'
docdir='${datarootdir}/doc/${PACKAGE_TARNAME}'
dvidir='${docdir}'
exec_prefix='NONE'
host=''
host_alias=''
host_cpu=''
host_os=''
host_vendor=''
htmldir='${docdir}'
includedir='${prefix}/include'
infodir='${datarootdir}/info'
libdir='${exec_prefix}/lib'
libexecdir='${exec_prefix}/libexec'
localedir='${datarootdir}/locale'
localstatedir='${prefix}/var'
ltdl_LIBOBJS=''
ltdl_LTLIBOBJS=''
mandir='${datarootdir}/man'
oldincludedir='/usr/include'
pdfdir='${docdir}'
prefix='NONE'
program_transform_name='s,x,x,'
psdir='${docdir}'
sbindir='${exec_prefix}/sbin'
sharedstatedir='${prefix}/com'
subdirs=''
sys_symbol_underscore=''
sysconfdir='${prefix}/etc'
target=''
target_alias=''
target_cpu=''
target_os=''
target_vendor=''

## ----------- ##
## confdefs.h. ##
## ----------- ##

/* confdefs.h */
#define PACKAGE_NAME "[SAMPLE]"
#define PACKAGE_TARNAME "--sample--"
#define PACKAGE_VERSION "[x.xx]"
#define PACKAGE_STRING "[SAMPLE] [x.xx]"
#define PACKAGE_BUGREPORT "bugs@yourdomain"
#define PACKAGE_URL ""

configure: exit 2
